[ 2016-04-16T06:05:31+08:00 ] ::1 /jzopen/index.php/Admin/Public/login.html
INFO: [ app_begin ] --START--
INFO: Run Behavior\ReadHtmlCacheBehavior [ RunTime:0.000210s ]
INFO: [ app_begin ] --END-- [ RunTime:0.000371s ]
SQL: SHOW COLUMNS FROM `jz_user` [ RunTime:0.0008s ]
SQL: SELECT * FROM `jz_user` WHERE `username` = 'admin1' LIMIT 1   [ RunTime:0.0005s ]
NOTIC: [2] Missing argument 2 for user_md5(), called in /Users/jankz/htdocs/jzopen/Apps/Admin/Controller/PublicController.class.php on line 43 and defined /Users/jankz/htdocs/jzopen/Common/Common/function.php 第 108 行.
NOTIC: [8] Undefined variable: auth_key /Users/jankz/htdocs/jzopen/Common/Common/function.php 第 109 行.

[ 2016-04-16T06:07:25+08:00 ] ::1 /jzopen/index.php/Admin/Conf/forbid.html
INFO: [ app_begin ] --START--
INFO: Run Behavior\ReadHtmlCacheBehavior [ RunTime:0.000207s ]
INFO: [ app_begin ] --END-- [ RunTime:0.000366s ]
SQL: SHOW COLUMNS FROM `jz_menu` [ RunTime:0.0013s ]
SQL: SELECT * FROM `jz_menu` WHERE `status` = 1 AND `pid` = 0  [ RunTime:0.0013s ]
SQL: SELECT * FROM `jz_menu` WHERE `status` = 1 AND `pid` = '1'  [ RunTime:0.0012s ]
SQL: SELECT * FROM `jz_menu` WHERE `status` = 1 AND `pid` = '6'  [ RunTime:0.0003s ]
SQL: SELECT * FROM `jz_menu` WHERE `status` = 1 AND `pid` = '8'  [ RunTime:0.0003s ]
SQL: SELECT * FROM `jz_menu` WHERE `status` = 1 AND `pid` = '7'  [ RunTime:0.0003s ]
SQL: SELECT * FROM `jz_menu` WHERE `status` = 1 AND `pid` = '2'  [ RunTime:0.0003s ]
SQL: SELECT * FROM `jz_menu` WHERE `status` = 1 AND `pid` = '13'  [ RunTime:0.0002s ]
SQL: SELECT * FROM `jz_menu` WHERE `status` = 1 AND `pid` = '14'  [ RunTime:0.0003s ]
SQL: SELECT * FROM `jz_menu` WHERE `status` = 1 AND `pid` = '3'  [ RunTime:0.0002s ]
SQL: SELECT * FROM `jz_menu` WHERE `status` = 1 AND `pid` = '15'  [ RunTime:0.0003s ]
SQL: SELECT * FROM `jz_menu` WHERE `status` = 1 AND `pid` = '16'  [ RunTime:0.0002s ]
SQL: SELECT * FROM `jz_menu` WHERE `status` = 1 AND `pid` = '4'  [ RunTime:0.0002s ]
SQL: SELECT * FROM `jz_menu` WHERE `status` = 1 AND `pid` = '18'  [ RunTime:0.0003s ]
SQL: SELECT * FROM `jz_menu` WHERE `status` = 1 AND `pid` = '19'  [ RunTime:0.0006s ]
SQL: SELECT * FROM `jz_menu` WHERE `status` = 1 AND `pid` = '5'  [ RunTime:0.0005s ]
SQL: SELECT * FROM `jz_menu` WHERE `status` = 1 AND `pid` = '9'  [ RunTime:0.0005s ]
SQL: SELECT * FROM `jz_menu` WHERE `status` = 1 AND `pid` = '10'  [ RunTime:0.0006s ]
SQL: SELECT * FROM `jz_menu` WHERE `status` = 1 AND `pid` = '11'  [ RunTime:0.0005s ]
SQL: SELECT * FROM `jz_menu` WHERE `status` = 1 AND `pid` = '20'  [ RunTime:0.0004s ]
SQL: SELECT * FROM `jz_menu` WHERE `status` = 1 AND `pid` = '17'  [ RunTime:0.0002s ]
SQL: SELECT * FROM `jz_menu` WHERE `status` = 1 AND `pid` = '21'  [ RunTime:0.0002s ]
SQL: SELECT `id`,`pid`,`title`,`url` FROM `jz_menu` WHERE `status` = 1 AND `url` = 'Admin/Conf/forbid' LIMIT 1   [ RunTime:0.0002s ]
SQL: SELECT `id`,`pid`,`title`,`url` FROM `jz_menu` WHERE `status` = 1 AND `id` = null LIMIT 1   [ RunTime:0.0002s ]
NOTIC: [8] Undefined index: id /Users/jankz/htdocs/jzopen/Apps/Admin/Controller/CommonController.class.php 第 35 行.
NOTIC: [8] Undefined index: managet_type /Users/jankz/htdocs/jzopen/Apps/Admin/Controller/CommonController.class.php 第 36 行.
SQL: SHOW COLUMNS FROM `jz_conf` [ RunTime:0.0004s ]

[ 2016-04-16T06:09:26+08:00 ] ::1 /jzopen/index.php/Admin/Conf/forbid.html
INFO: [ app_begin ] --START--
INFO: Run Behavior\ReadHtmlCacheBehavior [ RunTime:0.000218s ]
INFO: [ app_begin ] --END-- [ RunTime:0.000382s ]
SQL: SHOW COLUMNS FROM `jz_menu` [ RunTime:0.0005s ]
SQL: SELECT * FROM `jz_menu` WHERE `status` = 1 AND `pid` = 0  [ RunTime:0.0003s ]
SQL: SELECT * FROM `jz_menu` WHERE `status` = 1 AND `pid` = '1'  [ RunTime:0.0002s ]
SQL: SELECT * FROM `jz_menu` WHERE `status` = 1 AND `pid` = '6'  [ RunTime:0.0003s ]
SQL: SELECT * FROM `jz_menu` WHERE `status` = 1 AND `pid` = '8'  [ RunTime:0.0003s ]
SQL: SELECT * FROM `jz_menu` WHERE `status` = 1 AND `pid` = '7'  [ RunTime:0.0003s ]
SQL: SELECT * FROM `jz_menu` WHERE `status` = 1 AND `pid` = '2'  [ RunTime:0.0013s ]
SQL: SELECT * FROM `jz_menu` WHERE `status` = 1 AND `pid` = '13'  [ RunTime:0.0010s ]
SQL: SELECT * FROM `jz_menu` WHERE `status` = 1 AND `pid` = '14'  [ RunTime:0.0010s ]
SQL: SELECT * FROM `jz_menu` WHERE `status` = 1 AND `pid` = '3'  [ RunTime:0.0004s ]
SQL: SELECT * FROM `jz_menu` WHERE `status` = 1 AND `pid` = '15'  [ RunTime:0.0003s ]
SQL: SELECT * FROM `jz_menu` WHERE `status` = 1 AND `pid` = '16'  [ RunTime:0.0004s ]
SQL: SELECT * FROM `jz_menu` WHERE `status` = 1 AND `pid` = '4'  [ RunTime:0.0003s ]
SQL: SELECT * FROM `jz_menu` WHERE `status` = 1 AND `pid` = '18'  [ RunTime:0.0002s ]
SQL: SELECT * FROM `jz_menu` WHERE `status` = 1 AND `pid` = '19'  [ RunTime:0.0003s ]
SQL: SELECT * FROM `jz_menu` WHERE `status` = 1 AND `pid` = '5'  [ RunTime:0.0003s ]
SQL: SELECT * FROM `jz_menu` WHERE `status` = 1 AND `pid` = '9'  [ RunTime:0.0002s ]
SQL: SELECT * FROM `jz_menu` WHERE `status` = 1 AND `pid` = '10'  [ RunTime:0.0003s ]
SQL: SELECT * FROM `jz_menu` WHERE `status` = 1 AND `pid` = '11'  [ RunTime:0.0002s ]
SQL: SELECT * FROM `jz_menu` WHERE `status` = 1 AND `pid` = '20'  [ RunTime:0.0002s ]
SQL: SELECT * FROM `jz_menu` WHERE `status` = 1 AND `pid` = '17'  [ RunTime:0.0002s ]
SQL: SELECT * FROM `jz_menu` WHERE `status` = 1 AND `pid` = '21'  [ RunTime:0.0005s ]
SQL: SELECT `id`,`pid`,`title`,`url` FROM `jz_menu` WHERE `status` = 1 AND `url` = 'Admin/Conf/forbid' LIMIT 1   [ RunTime:0.0004s ]
SQL: SELECT `id`,`pid`,`title`,`url` FROM `jz_menu` WHERE `status` = 1 AND `id` = null LIMIT 1   [ RunTime:0.0004s ]
NOTIC: [8] Undefined index: id /Users/jankz/htdocs/jzopen/Apps/Admin/Controller/CommonController.class.php 第 35 行.
NOTIC: [8] Undefined index: managet_type /Users/jankz/htdocs/jzopen/Apps/Admin/Controller/CommonController.class.php 第 36 行.
SQL: SHOW COLUMNS FROM `jz_conf` [ RunTime:0.0008s ]

[ 2016-04-16T06:10:52+08:00 ] ::1 /jzopen/index.php/Admin/Conf/forbid.html
INFO: [ app_begin ] --START--
INFO: Run Behavior\ReadHtmlCacheBehavior [ RunTime:0.000289s ]
INFO: [ app_begin ] --END-- [ RunTime:0.000534s ]
SQL: SHOW COLUMNS FROM `jz_menu` [ RunTime:0.0006s ]
SQL: SELECT * FROM `jz_menu` WHERE `status` = 1 AND `pid` = 0  [ RunTime:0.0004s ]
SQL: SELECT * FROM `jz_menu` WHERE `status` = 1 AND `pid` = '1'  [ RunTime:0.0003s ]
SQL: SELECT * FROM `jz_menu` WHERE `status` = 1 AND `pid` = '6'  [ RunTime:0.0002s ]
SQL: SELECT * FROM `jz_menu` WHERE `status` = 1 AND `pid` = '8'  [ RunTime:0.0003s ]
SQL: SELECT * FROM `jz_menu` WHERE `status` = 1 AND `pid` = '7'  [ RunTime:0.0002s ]
SQL: SELECT * FROM `jz_menu` WHERE `status` = 1 AND `pid` = '2'  [ RunTime:0.0002s ]
SQL: SELECT * FROM `jz_menu` WHERE `status` = 1 AND `pid` = '13'  [ RunTime:0.0002s ]
SQL: SELECT * FROM `jz_menu` WHERE `status` = 1 AND `pid` = '14'  [ RunTime:0.0002s ]
SQL: SELECT * FROM `jz_menu` WHERE `status` = 1 AND `pid` = '3'  [ RunTime:0.0003s ]
SQL: SELECT * FROM `jz_menu` WHERE `status` = 1 AND `pid` = '15'  [ RunTime:0.0004s ]
SQL: SELECT * FROM `jz_menu` WHERE `status` = 1 AND `pid` = '16'  [ RunTime:0.0003s ]
SQL: SELECT * FROM `jz_menu` WHERE `status` = 1 AND `pid` = '4'  [ RunTime:0.0003s ]
SQL: SELECT * FROM `jz_menu` WHERE `status` = 1 AND `pid` = '18'  [ RunTime:0.0003s ]
SQL: SELECT * FROM `jz_menu` WHERE `status` = 1 AND `pid` = '19'  [ RunTime:0.0003s ]
SQL: SELECT * FROM `jz_menu` WHERE `status` = 1 AND `pid` = '5'  [ RunTime:0.0003s ]
SQL: SELECT * FROM `jz_menu` WHERE `status` = 1 AND `pid` = '9'  [ RunTime:0.0003s ]
SQL: SELECT * FROM `jz_menu` WHERE `status` = 1 AND `pid` = '10'  [ RunTime:0.0003s ]
SQL: SELECT * FROM `jz_menu` WHERE `status` = 1 AND `pid` = '11'  [ RunTime:0.0003s ]
SQL: SELECT * FROM `jz_menu` WHERE `status` = 1 AND `pid` = '20'  [ RunTime:0.0002s ]
SQL: SELECT * FROM `jz_menu` WHERE `status` = 1 AND `pid` = '17'  [ RunTime:0.0003s ]
SQL: SELECT * FROM `jz_menu` WHERE `status` = 1 AND `pid` = '21'  [ RunTime:0.0002s ]
SQL: SELECT `id`,`pid`,`title`,`url` FROM `jz_menu` WHERE `status` = 1 AND `url` = 'Admin/Conf/forbid' LIMIT 1   [ RunTime:0.0002s ]
SQL: SELECT `id`,`pid`,`title`,`url` FROM `jz_menu` WHERE `status` = 1 AND `id` = null LIMIT 1   [ RunTime:0.0002s ]
NOTIC: [8] Undefined index: id /Users/jankz/htdocs/jzopen/Apps/Admin/Controller/CommonController.class.php 第 35 行.
NOTIC: [8] Undefined index: managet_type /Users/jankz/htdocs/jzopen/Apps/Admin/Controller/CommonController.class.php 第 36 行.
SQL: SHOW COLUMNS FROM `jz_conf` [ RunTime:0.0004s ]

[ 2016-04-16T06:14:14+08:00 ] ::1 /jzopen/index.php/Admin/Conf/setForbid.html
INFO: [ app_begin ] --START--
INFO: Run Behavior\ReadHtmlCacheBehavior [ RunTime:0.000381s ]
INFO: [ app_begin ] --END-- [ RunTime:0.000672s ]
SQL: SHOW COLUMNS FROM `jz_menu` [ RunTime:0.0005s ]
SQL: SELECT * FROM `jz_menu` WHERE `status` = 1 AND `pid` = 0  [ RunTime:0.0004s ]
SQL: SELECT * FROM `jz_menu` WHERE `status` = 1 AND `pid` = '1'  [ RunTime:0.0003s ]
SQL: SELECT * FROM `jz_menu` WHERE `status` = 1 AND `pid` = '6'  [ RunTime:0.0006s ]
SQL: SELECT * FROM `jz_menu` WHERE `status` = 1 AND `pid` = '8'  [ RunTime:0.0014s ]
SQL: SELECT * FROM `jz_menu` WHERE `status` = 1 AND `pid` = '7'  [ RunTime:0.0010s ]
SQL: SELECT * FROM `jz_menu` WHERE `status` = 1 AND `pid` = '2'  [ RunTime:0.0005s ]
SQL: SELECT * FROM `jz_menu` WHERE `status` = 1 AND `pid` = '13'  [ RunTime:0.0003s ]
SQL: SELECT * FROM `jz_menu` WHERE `status` = 1 AND `pid` = '14'  [ RunTime:0.0003s ]
SQL: SELECT * FROM `jz_menu` WHERE `status` = 1 AND `pid` = '3'  [ RunTime:0.0003s ]
SQL: SELECT * FROM `jz_menu` WHERE `status` = 1 AND `pid` = '15'  [ RunTime:0.0003s ]
SQL: SELECT * FROM `jz_menu` WHERE `status` = 1 AND `pid` = '16'  [ RunTime:0.0004s ]
SQL: SELECT * FROM `jz_menu` WHERE `status` = 1 AND `pid` = '4'  [ RunTime:0.0003s ]
SQL: SELECT * FROM `jz_menu` WHERE `status` = 1 AND `pid` = '18'  [ RunTime:0.0002s ]
SQL: SELECT * FROM `jz_menu` WHERE `status` = 1 AND `pid` = '19'  [ RunTime:0.0002s ]
SQL: SELECT * FROM `jz_menu` WHERE `status` = 1 AND `pid` = '5'  [ RunTime:0.0003s ]
SQL: SELECT * FROM `jz_menu` WHERE `status` = 1 AND `pid` = '9'  [ RunTime:0.0005s ]
SQL: SELECT * FROM `jz_menu` WHERE `status` = 1 AND `pid` = '10'  [ RunTime:0.0005s ]
SQL: SELECT * FROM `jz_menu` WHERE `status` = 1 AND `pid` = '11'  [ RunTime:0.0004s ]
SQL: SELECT * FROM `jz_menu` WHERE `status` = 1 AND `pid` = '20'  [ RunTime:0.0004s ]
SQL: SELECT * FROM `jz_menu` WHERE `status` = 1 AND `pid` = '17'  [ RunTime:0.0004s ]
SQL: SELECT * FROM `jz_menu` WHERE `status` = 1 AND `pid` = '21'  [ RunTime:0.0004s ]
SQL: SELECT `id`,`pid`,`title`,`url` FROM `jz_menu` WHERE `status` = 1 AND `url` = 'Admin/Conf/setForbid' LIMIT 1   [ RunTime:0.0003s ]
SQL: SELECT `id`,`pid`,`title`,`url` FROM `jz_menu` WHERE `status` = 1 AND `id` = null LIMIT 1   [ RunTime:0.0002s ]
NOTIC: [8] Undefined index: id /Users/jankz/htdocs/jzopen/Apps/Admin/Controller/CommonController.class.php 第 35 行.
NOTIC: [8] Undefined index: managet_type /Users/jankz/htdocs/jzopen/Apps/Admin/Controller/CommonController.class.php 第 36 行.
SQL: SHOW COLUMNS FROM `jz_conf` [ RunTime:0.0005s ]
SQL: UPDATE `jz_conf` SET `status`='0' WHERE `id` = 12 [ RunTime:0.0014s ]
SQL: UPDATE `jz_conf` SET `status`='0' WHERE `id` = 13 [ RunTime:0.0018s ]

