[ 2016-04-15T01:01:34+08:00 ] 127.0.0.1 /jz/
INFO: [ app_init ] --START--
INFO: Run Behavior\BuildLiteBehavior [ RunTime:0.000017s ]
INFO: [ app_init ] --END-- [ RunTime:0.000701s ]
NOTIC: [8] Use of undefined constant ENV_PRE - assumed 'ENV_PRE' /Users/jankz/htdocs/jz/Apps/Install/Conf/config.php 第 20 行.
NOTIC: [8] Use of undefined constant ENV_PRE - assumed 'ENV_PRE' /Users/jankz/htdocs/jz/Apps/Install/Conf/config.php 第 21 行.
NOTIC: [8] Use of undefined constant ENV_PRE - assumed 'ENV_PRE' /Users/jankz/htdocs/jz/Apps/Install/Conf/config.php 第 22 行.
INFO: [ app_begin ] --START--
INFO: Run Behavior\ReadHtmlCacheBehavior [ RunTime:0.000541s ]
INFO: [ app_begin ] --END-- [ RunTime:0.000628s ]

[ 2016-04-15T01:01:34+08:00 ] 127.0.0.1 /jz/index.php/Index/step1.html
INFO: [ app_init ] --START--
INFO: Run Behavior\BuildLiteBehavior [ RunTime:0.000006s ]
INFO: [ app_init ] --END-- [ RunTime:0.000166s ]
NOTIC: [8] Use of undefined constant ENV_PRE - assumed 'ENV_PRE' /Users/jankz/htdocs/jz/Apps/Install/Conf/config.php 第 20 行.
NOTIC: [8] Use of undefined constant ENV_PRE - assumed 'ENV_PRE' /Users/jankz/htdocs/jz/Apps/Install/Conf/config.php 第 21 行.
NOTIC: [8] Use of undefined constant ENV_PRE - assumed 'ENV_PRE' /Users/jankz/htdocs/jz/Apps/Install/Conf/config.php 第 22 行.
INFO: [ app_begin ] --START--
INFO: Run Behavior\ReadHtmlCacheBehavior [ RunTime:0.000210s ]
INFO: [ app_begin ] --END-- [ RunTime:0.000239s ]
INFO: [ view_parse ] --START--
INFO: [ template_filter ] --START--
INFO: Run Behavior\ContentReplaceBehavior [ RunTime:0.000026s ]
INFO: [ template_filter ] --END-- [ RunTime:0.000062s ]
INFO: Run Behavior\ParseTemplateBehavior [ RunTime:0.005145s ]
INFO: [ view_parse ] --END-- [ RunTime:0.005177s ]
INFO: [ view_filter ] --START--
INFO: Run Behavior\WriteHtmlCacheBehavior [ RunTime:0.000257s ]
INFO: [ view_filter ] --END-- [ RunTime:0.000285s ]
INFO: [ app_end ] --START--
INFO: Run Behavior\ShowPageTraceBehavior [ RunTime:0.000478s ]
INFO: [ app_end ] --END-- [ RunTime:0.000511s ]

[ 2016-04-15T19:45:30+08:00 ] ::1 /jz/
INFO: [ app_init ] --START--
INFO: Run Behavior\BuildLiteBehavior [ RunTime:0.000011s ]
INFO: [ app_init ] --END-- [ RunTime:0.000672s ]
NOTIC: [8] Use of undefined constant ENV_PRE - assumed 'ENV_PRE' /Users/jankz/htdocs/jz/Apps/Install/Conf/config.php 第 20 行.
NOTIC: [8] Use of undefined constant ENV_PRE - assumed 'ENV_PRE' /Users/jankz/htdocs/jz/Apps/Install/Conf/config.php 第 21 行.
NOTIC: [8] Use of undefined constant ENV_PRE - assumed 'ENV_PRE' /Users/jankz/htdocs/jz/Apps/Install/Conf/config.php 第 22 行.
INFO: [ app_begin ] --START--
INFO: Run Behavior\ReadHtmlCacheBehavior [ RunTime:0.000402s ]
INFO: [ app_begin ] --END-- [ RunTime:0.000437s ]

[ 2016-04-15T19:45:30+08:00 ] ::1 /jz/index.php/Index/step1.html
INFO: [ app_init ] --START--
INFO: Run Behavior\BuildLiteBehavior [ RunTime:0.000016s ]
INFO: [ app_init ] --END-- [ RunTime:0.000282s ]
NOTIC: [8] Use of undefined constant ENV_PRE - assumed 'ENV_PRE' /Users/jankz/htdocs/jz/Apps/Install/Conf/config.php 第 20 行.
NOTIC: [8] Use of undefined constant ENV_PRE - assumed 'ENV_PRE' /Users/jankz/htdocs/jz/Apps/Install/Conf/config.php 第 21 行.
NOTIC: [8] Use of undefined constant ENV_PRE - assumed 'ENV_PRE' /Users/jankz/htdocs/jz/Apps/Install/Conf/config.php 第 22 行.
INFO: [ app_begin ] --START--
INFO: Run Behavior\ReadHtmlCacheBehavior [ RunTime:0.000340s ]
INFO: [ app_begin ] --END-- [ RunTime:0.000411s ]
INFO: [ view_parse ] --START--
INFO: [ template_filter ] --START--
INFO: Run Behavior\ContentReplaceBehavior [ RunTime:0.000029s ]
INFO: [ template_filter ] --END-- [ RunTime:0.000070s ]
INFO: Run Behavior\ParseTemplateBehavior [ RunTime:0.006444s ]
INFO: [ view_parse ] --END-- [ RunTime:0.006514s ]
INFO: [ view_filter ] --START--
INFO: Run Behavior\WriteHtmlCacheBehavior [ RunTime:0.000317s ]
INFO: [ view_filter ] --END-- [ RunTime:0.000348s ]
INFO: [ app_end ] --START--
INFO: Run Behavior\ShowPageTraceBehavior [ RunTime:0.000520s ]
INFO: [ app_end ] --END-- [ RunTime:0.000555s ]

